{"/Users/almahmud/Downloads/twitter/twitter/server.js":{"path":"/Users/almahmud/Downloads/twitter/twitter/server.js","s":{"1":1,"2":1,"3":1,"4":1,"5":1,"6":1,"7":1,"8":1,"9":1,"10":1,"11":1,"12":1,"13":0,"14":1,"15":1,"16":0,"17":1,"18":0,"19":0,"20":0,"21":0,"22":0,"23":0,"24":0,"25":0,"26":0,"27":0,"28":0,"29":1,"30":1,"31":1,"32":1,"33":1},"b":{"1":[1,1],"2":[0,1],"3":[1,0],"4":[0,0],"5":[0,0],"6":[0,0,0],"7":[0,1]},"f":{"1":1,"2":0,"3":1},"fnMap":{"1":{"name":"normalizePort","line":36,"loc":{"start":{"line":36,"column":0},"end":{"line":36,"column":28}}},"2":{"name":"onError","line":56,"loc":{"start":{"line":56,"column":0},"end":{"line":56,"column":24}}},"3":{"name":"onListening","line":84,"loc":{"start":{"line":84,"column":0},"end":{"line":84,"column":23}}}},"statementMap":{"1":{"start":{"line":7,"column":0},"end":{"line":7,"column":27}},"2":{"start":{"line":8,"column":0},"end":{"line":8,"column":47}},"3":{"start":{"line":9,"column":0},"end":{"line":9,"column":27}},"4":{"start":{"line":15,"column":0},"end":{"line":15,"column":53}},"5":{"start":{"line":16,"column":0},"end":{"line":16,"column":22}},"6":{"start":{"line":22,"column":0},"end":{"line":22,"column":36}},"7":{"start":{"line":28,"column":0},"end":{"line":28,"column":20}},"8":{"start":{"line":29,"column":0},"end":{"line":29,"column":28}},"9":{"start":{"line":30,"column":0},"end":{"line":30,"column":36}},"10":{"start":{"line":36,"column":0},"end":{"line":50,"column":1}},"11":{"start":{"line":37,"column":2},"end":{"line":37,"column":31}},"12":{"start":{"line":39,"column":2},"end":{"line":42,"column":3}},"13":{"start":{"line":41,"column":4},"end":{"line":41,"column":15}},"14":{"start":{"line":44,"column":2},"end":{"line":47,"column":3}},"15":{"start":{"line":46,"column":4},"end":{"line":46,"column":16}},"16":{"start":{"line":49,"column":2},"end":{"line":49,"column":15}},"17":{"start":{"line":56,"column":0},"end":{"line":78,"column":1}},"18":{"start":{"line":57,"column":2},"end":{"line":59,"column":3}},"19":{"start":{"line":58,"column":4},"end":{"line":58,"column":16}},"20":{"start":{"line":61,"column":2},"end":{"line":63,"column":21}},"21":{"start":{"line":66,"column":2},"end":{"line":77,"column":3}},"22":{"start":{"line":68,"column":6},"end":{"line":68,"column":60}},"23":{"start":{"line":69,"column":6},"end":{"line":69,"column":22}},"24":{"start":{"line":70,"column":6},"end":{"line":70,"column":12}},"25":{"start":{"line":72,"column":6},"end":{"line":72,"column":49}},"26":{"start":{"line":73,"column":6},"end":{"line":73,"column":22}},"27":{"start":{"line":74,"column":6},"end":{"line":74,"column":12}},"28":{"start":{"line":76,"column":6},"end":{"line":76,"column":18}},"29":{"start":{"line":84,"column":0},"end":{"line":90,"column":1}},"30":{"start":{"line":85,"column":2},"end":{"line":85,"column":30}},"31":{"start":{"line":86,"column":2},"end":{"line":88,"column":26}},"32":{"start":{"line":89,"column":2},"end":{"line":89,"column":32}},"33":{"start":{"line":91,"column":0},"end":{"line":91,"column":21}}},"branchMap":{"1":{"line":15,"type":"binary-expr","locations":[{"start":{"line":15,"column":25},"end":{"line":15,"column":41}},{"start":{"line":15,"column":45},"end":{"line":15,"column":51}}]},"2":{"line":39,"type":"if","locations":[{"start":{"line":39,"column":2},"end":{"line":39,"column":2}},{"start":{"line":39,"column":2},"end":{"line":39,"column":2}}]},"3":{"line":44,"type":"if","locations":[{"start":{"line":44,"column":2},"end":{"line":44,"column":2}},{"start":{"line":44,"column":2},"end":{"line":44,"column":2}}]},"4":{"line":57,"type":"if","locations":[{"start":{"line":57,"column":2},"end":{"line":57,"column":2}},{"start":{"line":57,"column":2},"end":{"line":57,"column":2}}]},"5":{"line":61,"type":"cond-expr","locations":[{"start":{"line":62,"column":6},"end":{"line":62,"column":20}},{"start":{"line":63,"column":6},"end":{"line":63,"column":20}}]},"6":{"line":66,"type":"switch","locations":[{"start":{"line":67,"column":4},"end":{"line":70,"column":12}},{"start":{"line":71,"column":4},"end":{"line":74,"column":12}},{"start":{"line":75,"column":4},"end":{"line":76,"column":18}}]},"7":{"line":86,"type":"cond-expr","locations":[{"start":{"line":87,"column":6},"end":{"line":87,"column":20}},{"start":{"line":88,"column":6},"end":{"line":88,"column":25}}]}}},"/Users/almahmud/Downloads/twitter/twitter/app.js":{"path":"/Users/almahmud/Downloads/twitter/twitter/app.js","s":{"1":1,"2":1,"3":1,"4":1,"5":1,"6":1,"7":1,"8":1,"9":1,"10":1,"11":1,"12":1,"13":1,"14":1,"15":1,"16":1,"17":1,"18":1,"19":1,"20":1,"21":1,"22":0,"23":0,"24":0,"25":1,"26":1,"27":0,"28":0,"29":1,"30":0,"31":0,"32":1,"33":1,"34":0,"35":0,"36":1,"37":1},"b":{"1":[1,0],"2":[0,0],"3":[0,0],"4":[0,1]},"f":{"1":0,"2":0,"3":0,"4":1},"fnMap":{"1":{"name":"(anonymous_1)","line":24,"loc":{"start":{"line":24,"column":8},"end":{"line":24,"column":33}}},"2":{"name":"(anonymous_2)","line":33,"loc":{"start":{"line":33,"column":10},"end":{"line":33,"column":40}}},"3":{"name":"(anonymous_3)","line":44,"loc":{"start":{"line":44,"column":8},"end":{"line":44,"column":38}}},"4":{"name":"(anonymous_4)","line":53,"loc":{"start":{"line":53,"column":31},"end":{"line":53,"column":45}}}},"statementMap":{"1":{"start":{"line":1,"column":0},"end":{"line":1,"column":33}},"2":{"start":{"line":2,"column":0},"end":{"line":2,"column":27}},"3":{"start":{"line":3,"column":0},"end":{"line":3,"column":39}},"4":{"start":{"line":4,"column":0},"end":{"line":4,"column":31}},"5":{"start":{"line":5,"column":0},"end":{"line":5,"column":44}},"6":{"start":{"line":6,"column":0},"end":{"line":6,"column":40}},"7":{"start":{"line":7,"column":0},"end":{"line":7,"column":30}},"8":{"start":{"line":8,"column":0},"end":{"line":8,"column":45}},"9":{"start":{"line":10,"column":0},"end":{"line":10,"column":38}},"10":{"start":{"line":11,"column":0},"end":{"line":11,"column":40}},"11":{"start":{"line":12,"column":0},"end":{"line":12,"column":20}},"12":{"start":{"line":14,"column":0},"end":{"line":14,"column":48}},"13":{"start":{"line":15,"column":0},"end":{"line":15,"column":31}},"14":{"start":{"line":16,"column":0},"end":{"line":16,"column":58}},"15":{"start":{"line":17,"column":0},"end":{"line":17,"column":23}},"16":{"start":{"line":18,"column":0},"end":{"line":18,"column":27}},"17":{"start":{"line":19,"column":0},"end":{"line":19,"column":52}},"18":{"start":{"line":20,"column":0},"end":{"line":20,"column":22}},"19":{"start":{"line":21,"column":0},"end":{"line":21,"column":25}},"20":{"start":{"line":22,"column":0},"end":{"line":22,"column":27}},"21":{"start":{"line":24,"column":0},"end":{"line":28,"column":3}},"22":{"start":{"line":25,"column":2},"end":{"line":25,"column":35}},"23":{"start":{"line":26,"column":2},"end":{"line":26,"column":19}},"24":{"start":{"line":27,"column":2},"end":{"line":27,"column":12}},"25":{"start":{"line":32,"column":0},"end":{"line":40,"column":1}},"26":{"start":{"line":33,"column":2},"end":{"line":39,"column":5}},"27":{"start":{"line":34,"column":4},"end":{"line":34,"column":34}},"28":{"start":{"line":35,"column":4},"end":{"line":38,"column":7}},"29":{"start":{"line":44,"column":0},"end":{"line":50,"column":3}},"30":{"start":{"line":45,"column":2},"end":{"line":45,"column":32}},"31":{"start":{"line":46,"column":2},"end":{"line":49,"column":5}},"32":{"start":{"line":53,"column":0},"end":{"line":60,"column":2}},"33":{"start":{"line":54,"column":2},"end":{"line":59,"column":3}},"34":{"start":{"line":55,"column":4},"end":{"line":55,"column":46}},"35":{"start":{"line":56,"column":4},"end":{"line":56,"column":19}},"36":{"start":{"line":58,"column":6},"end":{"line":58,"column":88}},"37":{"start":{"line":62,"column":0},"end":{"line":62,"column":21}}},"branchMap":{"1":{"line":32,"type":"if","locations":[{"start":{"line":32,"column":0},"end":{"line":32,"column":0}},{"start":{"line":32,"column":0},"end":{"line":32,"column":0}}]},"2":{"line":34,"type":"binary-expr","locations":[{"start":{"line":34,"column":15},"end":{"line":34,"column":25}},{"start":{"line":34,"column":29},"end":{"line":34,"column":32}}]},"3":{"line":45,"type":"binary-expr","locations":[{"start":{"line":45,"column":13},"end":{"line":45,"column":23}},{"start":{"line":45,"column":27},"end":{"line":45,"column":30}}]},"4":{"line":54,"type":"if","locations":[{"start":{"line":54,"column":2},"end":{"line":54,"column":2}},{"start":{"line":54,"column":2},"end":{"line":54,"column":2}}]}}},"/Users/almahmud/Downloads/twitter/twitter/db/mongo.js":{"path":"/Users/almahmud/Downloads/twitter/twitter/db/mongo.js","s":{"1":1,"2":1,"3":1,"4":1,"5":0,"6":1,"7":1,"8":0,"9":1,"10":1,"11":1,"12":24,"13":24,"14":0,"15":1,"16":0,"17":0,"18":0,"19":0,"20":0},"b":{"1":[0,1],"2":[0,1],"3":[24,0],"4":[0,0]},"f":{"1":1,"2":1,"3":24,"4":0,"5":0},"fnMap":{"1":{"name":"(anonymous_1)","line":7,"loc":{"start":{"line":7,"column":18},"end":{"line":7,"column":38}}},"2":{"name":"(anonymous_2)","line":10,"loc":{"start":{"line":10,"column":27},"end":{"line":10,"column":45}}},"3":{"name":"(anonymous_3)","line":17,"loc":{"start":{"line":17,"column":14},"end":{"line":17,"column":35}}},"4":{"name":"(anonymous_4)","line":25,"loc":{"start":{"line":25,"column":16},"end":{"line":25,"column":31}}},"5":{"name":"(anonymous_5)","line":27,"loc":{"start":{"line":27,"column":19},"end":{"line":27,"column":41}}}},"statementMap":{"1":{"start":{"line":1,"column":0},"end":{"line":1,"column":48}},"2":{"start":{"line":3,"column":0},"end":{"line":5,"column":1}},"3":{"start":{"line":7,"column":0},"end":{"line":15,"column":1}},"4":{"start":{"line":8,"column":2},"end":{"line":8,"column":29}},"5":{"start":{"line":8,"column":16},"end":{"line":8,"column":29}},"6":{"start":{"line":10,"column":2},"end":{"line":14,"column":4}},"7":{"start":{"line":11,"column":4},"end":{"line":11,"column":29}},"8":{"start":{"line":11,"column":13},"end":{"line":11,"column":29}},"9":{"start":{"line":12,"column":4},"end":{"line":12,"column":17}},"10":{"start":{"line":13,"column":4},"end":{"line":13,"column":10}},"11":{"start":{"line":17,"column":0},"end":{"line":23,"column":1}},"12":{"start":{"line":18,"column":2},"end":{"line":22,"column":3}},"13":{"start":{"line":19,"column":4},"end":{"line":19,"column":42}},"14":{"start":{"line":21,"column":4},"end":{"line":21,"column":19}},"15":{"start":{"line":25,"column":0},"end":{"line":33,"column":1}},"16":{"start":{"line":26,"column":2},"end":{"line":32,"column":3}},"17":{"start":{"line":27,"column":4},"end":{"line":31,"column":6}},"18":{"start":{"line":28,"column":6},"end":{"line":28,"column":21}},"19":{"start":{"line":29,"column":6},"end":{"line":29,"column":23}},"20":{"start":{"line":30,"column":6},"end":{"line":30,"column":15}}},"branchMap":{"1":{"line":8,"type":"if","locations":[{"start":{"line":8,"column":2},"end":{"line":8,"column":2}},{"start":{"line":8,"column":2},"end":{"line":8,"column":2}}]},"2":{"line":11,"type":"if","locations":[{"start":{"line":11,"column":4},"end":{"line":11,"column":4}},{"start":{"line":11,"column":4},"end":{"line":11,"column":4}}]},"3":{"line":18,"type":"if","locations":[{"start":{"line":18,"column":2},"end":{"line":18,"column":2}},{"start":{"line":18,"column":2},"end":{"line":18,"column":2}}]},"4":{"line":26,"type":"if","locations":[{"start":{"line":26,"column":2},"end":{"line":26,"column":2}},{"start":{"line":26,"column":2},"end":{"line":26,"column":2}}]}}},"/Users/almahmud/Downloads/twitter/twitter/routes/users.js":{"path":"/Users/almahmud/Downloads/twitter/twitter/routes/users.js","s":{"1":1,"2":1,"3":1,"4":1,"5":1,"6":1,"7":2,"8":2,"9":2,"10":1,"11":1,"12":1,"13":1,"14":1,"15":1,"16":1,"17":0,"18":1,"19":1,"20":0,"21":1,"22":0,"23":0,"24":1,"25":1,"26":2,"27":2,"28":2,"29":1,"30":1,"31":1,"32":1,"33":1,"34":1,"35":1,"36":1,"37":0,"38":1,"39":0,"40":1,"41":1,"42":5,"43":5,"44":5,"45":2,"46":2,"47":1,"48":1,"49":1,"50":0,"51":1,"52":1,"53":3,"54":1,"55":4,"56":4,"57":4,"58":1,"59":1,"60":1,"61":0,"62":0,"63":0,"64":0,"65":3,"66":1},"b":{"1":[1,1],"2":[2,1,1],"3":[1,0],"4":[1,0],"5":[1,0],"6":[1,0],"7":[0,1],"8":[1,1],"9":[2,1,1],"10":[1,0],"11":[1,0],"12":[1,0],"13":[0,1],"14":[2,3],"15":[5,3,2,2],"16":[1,1],"17":[2,2],"18":[0,1],"19":[1,3],"20":[4,2,1,1],"21":[1,0],"22":[0,0]},"f":{"1":2,"2":1,"3":1,"4":1,"5":2,"6":1,"7":1,"8":5,"9":2,"10":1,"11":4,"12":1,"13":0},"fnMap":{"1":{"name":"(anonymous_1)","line":9,"loc":{"start":{"line":9,"column":24},"end":{"line":9,"column":49}}},"2":{"name":"(anonymous_2)","line":13,"loc":{"start":{"line":13,"column":66},"end":{"line":13,"column":80}}},"3":{"name":"(anonymous_3)","line":15,"loc":{"start":{"line":15,"column":68},"end":{"line":15,"column":86}}},"4":{"name":"(anonymous_4)","line":23,"loc":{"start":{"line":23,"column":65},"end":{"line":23,"column":86}}},"5":{"name":"(anonymous_5)","line":42,"loc":{"start":{"line":42,"column":26},"end":{"line":42,"column":51}}},"6":{"name":"(anonymous_6)","line":46,"loc":{"start":{"line":46,"column":64},"end":{"line":46,"column":82}}},"7":{"name":"(anonymous_7)","line":54,"loc":{"start":{"line":54,"column":61},"end":{"line":54,"column":82}}},"8":{"name":"(anonymous_8)","line":69,"loc":{"start":{"line":69,"column":23},"end":{"line":69,"column":48}}},"9":{"name":"(anonymous_9)","line":73,"loc":{"start":{"line":73,"column":70},"end":{"line":73,"column":84}}},"10":{"name":"(anonymous_10)","line":77,"loc":{"start":{"line":77,"column":79},"end":{"line":77,"column":99}}},"11":{"name":"(anonymous_11)","line":92,"loc":{"start":{"line":92,"column":26},"end":{"line":92,"column":51}}},"12":{"name":"(anonymous_12)","line":97,"loc":{"start":{"line":97,"column":70},"end":{"line":97,"column":84}}},"13":{"name":"(anonymous_13)","line":101,"loc":{"start":{"line":101,"column":74},"end":{"line":101,"column":94}}}},"statementMap":{"1":{"start":{"line":1,"column":0},"end":{"line":1,"column":33}},"2":{"start":{"line":2,"column":0},"end":{"line":2,"column":30}},"3":{"start":{"line":3,"column":0},"end":{"line":3,"column":25}},"4":{"start":{"line":4,"column":0},"end":{"line":4,"column":32}},"5":{"start":{"line":5,"column":0},"end":{"line":5,"column":31}},"6":{"start":{"line":9,"column":0},"end":{"line":39,"column":3}},"7":{"start":{"line":10,"column":2},"end":{"line":10,"column":26}},"8":{"start":{"line":11,"column":2},"end":{"line":11,"column":25}},"9":{"start":{"line":12,"column":2},"end":{"line":38,"column":3}},"10":{"start":{"line":13,"column":4},"end":{"line":35,"column":6}},"11":{"start":{"line":14,"column":6},"end":{"line":34,"column":7}},"12":{"start":{"line":15,"column":8},"end":{"line":31,"column":10}},"13":{"start":{"line":16,"column":10},"end":{"line":30,"column":11}},"14":{"start":{"line":17,"column":12},"end":{"line":22,"column":13}},"15":{"start":{"line":18,"column":14},"end":{"line":19,"column":45}},"16":{"start":{"line":19,"column":16},"end":{"line":19,"column":45}},"17":{"start":{"line":21,"column":14},"end":{"line":21,"column":39}},"18":{"start":{"line":23,"column":12},"end":{"line":27,"column":14}},"19":{"start":{"line":24,"column":14},"end":{"line":25,"column":75}},"20":{"start":{"line":25,"column":16},"end":{"line":25,"column":75}},"21":{"start":{"line":26,"column":14},"end":{"line":26,"column":51}},"22":{"start":{"line":29,"column":12},"end":{"line":29,"column":74}},"23":{"start":{"line":33,"column":8},"end":{"line":33,"column":43}},"24":{"start":{"line":37,"column":4},"end":{"line":37,"column":53}},"25":{"start":{"line":42,"column":0},"end":{"line":66,"column":3}},"26":{"start":{"line":43,"column":2},"end":{"line":43,"column":26}},"27":{"start":{"line":44,"column":2},"end":{"line":44,"column":25}},"28":{"start":{"line":45,"column":2},"end":{"line":65,"column":3}},"29":{"start":{"line":46,"column":4},"end":{"line":62,"column":6}},"30":{"start":{"line":47,"column":6},"end":{"line":61,"column":7}},"31":{"start":{"line":48,"column":8},"end":{"line":53,"column":9}},"32":{"start":{"line":49,"column":10},"end":{"line":49,"column":53}},"33":{"start":{"line":50,"column":10},"end":{"line":52,"column":11}},"34":{"start":{"line":51,"column":12},"end":{"line":51,"column":46}},"35":{"start":{"line":54,"column":8},"end":{"line":58,"column":10}},"36":{"start":{"line":55,"column":10},"end":{"line":56,"column":71}},"37":{"start":{"line":56,"column":12},"end":{"line":56,"column":71}},"38":{"start":{"line":57,"column":10},"end":{"line":57,"column":47}},"39":{"start":{"line":60,"column":8},"end":{"line":60,"column":70}},"40":{"start":{"line":64,"column":4},"end":{"line":64,"column":53}},"41":{"start":{"line":69,"column":0},"end":{"line":89,"column":3}},"42":{"start":{"line":70,"column":2},"end":{"line":70,"column":34}},"43":{"start":{"line":71,"column":2},"end":{"line":71,"column":39}},"44":{"start":{"line":72,"column":2},"end":{"line":88,"column":3}},"45":{"start":{"line":73,"column":4},"end":{"line":85,"column":6}},"46":{"start":{"line":74,"column":6},"end":{"line":84,"column":7}},"47":{"start":{"line":76,"column":10},"end":{"line":76,"column":31}},"48":{"start":{"line":77,"column":10},"end":{"line":81,"column":12}},"49":{"start":{"line":78,"column":12},"end":{"line":79,"column":66}},"50":{"start":{"line":79,"column":14},"end":{"line":79,"column":66}},"51":{"start":{"line":80,"column":12},"end":{"line":80,"column":35}},"52":{"start":{"line":83,"column":10},"end":{"line":83,"column":42}},"53":{"start":{"line":87,"column":4},"end":{"line":87,"column":53}},"54":{"start":{"line":92,"column":0},"end":{"line":111,"column":3}},"55":{"start":{"line":94,"column":2},"end":{"line":94,"column":34}},"56":{"start":{"line":95,"column":2},"end":{"line":95,"column":39}},"57":{"start":{"line":96,"column":2},"end":{"line":110,"column":3}},"58":{"start":{"line":97,"column":4},"end":{"line":107,"column":6}},"59":{"start":{"line":98,"column":6},"end":{"line":106,"column":7}},"60":{"start":{"line":99,"column":10},"end":{"line":99,"column":45}},"61":{"start":{"line":101,"column":10},"end":{"line":105,"column":12}},"62":{"start":{"line":102,"column":12},"end":{"line":103,"column":61}},"63":{"start":{"line":103,"column":14},"end":{"line":103,"column":61}},"64":{"start":{"line":104,"column":12},"end":{"line":104,"column":44}},"65":{"start":{"line":109,"column":4},"end":{"line":109,"column":53}},"66":{"start":{"line":113,"column":0},"end":{"line":113,"column":24}}},"branchMap":{"1":{"line":12,"type":"if","locations":[{"start":{"line":12,"column":2},"end":{"line":12,"column":2}},{"start":{"line":12,"column":2},"end":{"line":12,"column":2}}]},"2":{"line":12,"type":"binary-expr","locations":[{"start":{"line":12,"column":6},"end":{"line":12,"column":10}},{"start":{"line":12,"column":14},"end":{"line":12,"column":23}},{"start":{"line":12,"column":27},"end":{"line":12,"column":36}}]},"3":{"line":14,"type":"if","locations":[{"start":{"line":14,"column":6},"end":{"line":14,"column":6}},{"start":{"line":14,"column":6},"end":{"line":14,"column":6}}]},"4":{"line":16,"type":"if","locations":[{"start":{"line":16,"column":10},"end":{"line":16,"column":10}},{"start":{"line":16,"column":10},"end":{"line":16,"column":10}}]},"5":{"line":17,"type":"if","locations":[{"start":{"line":17,"column":12},"end":{"line":17,"column":12}},{"start":{"line":17,"column":12},"end":{"line":17,"column":12}}]},"6":{"line":18,"type":"if","locations":[{"start":{"line":18,"column":14},"end":{"line":18,"column":14}},{"start":{"line":18,"column":14},"end":{"line":18,"column":14}}]},"7":{"line":24,"type":"if","locations":[{"start":{"line":24,"column":14},"end":{"line":24,"column":14}},{"start":{"line":24,"column":14},"end":{"line":24,"column":14}}]},"8":{"line":45,"type":"if","locations":[{"start":{"line":45,"column":2},"end":{"line":45,"column":2}},{"start":{"line":45,"column":2},"end":{"line":45,"column":2}}]},"9":{"line":45,"type":"binary-expr","locations":[{"start":{"line":45,"column":6},"end":{"line":45,"column":10}},{"start":{"line":45,"column":14},"end":{"line":45,"column":23}},{"start":{"line":45,"column":27},"end":{"line":45,"column":36}}]},"10":{"line":47,"type":"if","locations":[{"start":{"line":47,"column":6},"end":{"line":47,"column":6}},{"start":{"line":47,"column":6},"end":{"line":47,"column":6}}]},"11":{"line":48,"type":"if","locations":[{"start":{"line":48,"column":8},"end":{"line":48,"column":8}},{"start":{"line":48,"column":8},"end":{"line":48,"column":8}}]},"12":{"line":50,"type":"if","locations":[{"start":{"line":50,"column":10},"end":{"line":50,"column":10}},{"start":{"line":50,"column":10},"end":{"line":50,"column":10}}]},"13":{"line":55,"type":"if","locations":[{"start":{"line":55,"column":10},"end":{"line":55,"column":10}},{"start":{"line":55,"column":10},"end":{"line":55,"column":10}}]},"14":{"line":72,"type":"if","locations":[{"start":{"line":72,"column":2},"end":{"line":72,"column":2}},{"start":{"line":72,"column":2},"end":{"line":72,"column":2}}]},"15":{"line":72,"type":"binary-expr","locations":[{"start":{"line":72,"column":6},"end":{"line":72,"column":14}},{"start":{"line":72,"column":18},"end":{"line":72,"column":35}},{"start":{"line":72,"column":39},"end":{"line":72,"column":52}},{"start":{"line":72,"column":56},"end":{"line":72,"column":78}}]},"16":{"line":74,"type":"if","locations":[{"start":{"line":74,"column":6},"end":{"line":74,"column":6}},{"start":{"line":74,"column":6},"end":{"line":74,"column":6}}]},"17":{"line":74,"type":"binary-expr","locations":[{"start":{"line":74,"column":9},"end":{"line":74,"column":26}},{"start":{"line":74,"column":30},"end":{"line":74,"column":59}}]},"18":{"line":78,"type":"if","locations":[{"start":{"line":78,"column":12},"end":{"line":78,"column":12}},{"start":{"line":78,"column":12},"end":{"line":78,"column":12}}]},"19":{"line":96,"type":"if","locations":[{"start":{"line":96,"column":2},"end":{"line":96,"column":2}},{"start":{"line":96,"column":2},"end":{"line":96,"column":2}}]},"20":{"line":96,"type":"binary-expr","locations":[{"start":{"line":96,"column":6},"end":{"line":96,"column":14}},{"start":{"line":96,"column":18},"end":{"line":96,"column":35}},{"start":{"line":96,"column":39},"end":{"line":96,"column":52}},{"start":{"line":96,"column":56},"end":{"line":96,"column":78}}]},"21":{"line":98,"type":"if","locations":[{"start":{"line":98,"column":6},"end":{"line":98,"column":6}},{"start":{"line":98,"column":6},"end":{"line":98,"column":6}}]},"22":{"line":102,"type":"if","locations":[{"start":{"line":102,"column":12},"end":{"line":102,"column":12}},{"start":{"line":102,"column":12},"end":{"line":102,"column":12}}]}}},"/Users/almahmud/Downloads/twitter/twitter/routes/tweets.js":{"path":"/Users/almahmud/Downloads/twitter/twitter/routes/tweets.js","s":{"1":1,"2":1,"3":1,"4":1,"5":4,"6":4,"7":4,"8":4,"9":1,"10":4,"11":1,"12":1,"13":1,"14":1,"15":1,"16":3,"17":1,"18":1,"19":1,"20":0,"21":1,"22":2,"23":2,"24":2,"25":2,"26":2,"27":0,"28":2,"29":0,"30":1,"31":0,"32":0,"33":0,"34":0,"35":0,"36":0,"37":0,"38":1},"b":{"1":[1,3],"2":[1,3],"3":[1,0],"4":[1,2],"5":[0,1],"6":[2,0],"7":[0,2],"8":[0,0]},"f":{"1":4,"2":1,"3":1,"4":2,"5":2,"6":0,"7":0},"fnMap":{"1":{"name":"(anonymous_1)","line":6,"loc":{"start":{"line":6,"column":16},"end":{"line":6,"column":41}}},"2":{"name":"(anonymous_2)","line":13,"loc":{"start":{"line":13,"column":93},"end":{"line":13,"column":109}}},"3":{"name":"(anonymous_3)","line":20,"loc":{"start":{"line":20,"column":126},"end":{"line":20,"column":142}}},"4":{"name":"(anonymous_4)","line":28,"loc":{"start":{"line":28,"column":70},"end":{"line":28,"column":88}}},"5":{"name":"(anonymous_5)","line":30,"loc":{"start":{"line":30,"column":129},"end":{"line":30,"column":145}}},"6":{"name":"(anonymous_6)","line":44,"loc":{"start":{"line":44,"column":17},"end":{"line":44,"column":42}}},"7":{"name":"(anonymous_7)","line":48,"loc":{"start":{"line":48,"column":33},"end":{"line":48,"column":53}}}},"statementMap":{"1":{"start":{"line":1,"column":0},"end":{"line":1,"column":33}},"2":{"start":{"line":2,"column":0},"end":{"line":2,"column":30}},"3":{"start":{"line":3,"column":0},"end":{"line":3,"column":31}},"4":{"start":{"line":6,"column":0},"end":{"line":41,"column":3}},"5":{"start":{"line":7,"column":2},"end":{"line":7,"column":25}},"6":{"start":{"line":8,"column":2},"end":{"line":8,"column":14}},"7":{"start":{"line":9,"column":2},"end":{"line":9,"column":19}},"8":{"start":{"line":10,"column":2},"end":{"line":11,"column":27}},"9":{"start":{"line":11,"column":6},"end":{"line":11,"column":27}},"10":{"start":{"line":12,"column":2},"end":{"line":40,"column":3}},"11":{"start":{"line":13,"column":4},"end":{"line":18,"column":8}},"12":{"start":{"line":14,"column":8},"end":{"line":14,"column":34}},"13":{"start":{"line":15,"column":8},"end":{"line":16,"column":29}},"14":{"start":{"line":16,"column":10},"end":{"line":16,"column":29}},"15":{"start":{"line":17,"column":8},"end":{"line":17,"column":22}},"16":{"start":{"line":19,"column":8},"end":{"line":40,"column":3}},"17":{"start":{"line":20,"column":4},"end":{"line":25,"column":8}},"18":{"start":{"line":21,"column":8},"end":{"line":21,"column":34}},"19":{"start":{"line":22,"column":8},"end":{"line":23,"column":29}},"20":{"start":{"line":23,"column":10},"end":{"line":23,"column":29}},"21":{"start":{"line":24,"column":8},"end":{"line":24,"column":22}},"22":{"start":{"line":28,"column":4},"end":{"line":39,"column":6}},"23":{"start":{"line":29,"column":6},"end":{"line":38,"column":7}},"24":{"start":{"line":30,"column":8},"end":{"line":35,"column":10}},"25":{"start":{"line":31,"column":10},"end":{"line":31,"column":36}},"26":{"start":{"line":32,"column":10},"end":{"line":33,"column":31}},"27":{"start":{"line":33,"column":12},"end":{"line":33,"column":31}},"28":{"start":{"line":34,"column":10},"end":{"line":34,"column":24}},"29":{"start":{"line":37,"column":8},"end":{"line":37,"column":29}},"30":{"start":{"line":44,"column":0},"end":{"line":53,"column":3}},"31":{"start":{"line":45,"column":2},"end":{"line":45,"column":24}},"32":{"start":{"line":46,"column":2},"end":{"line":46,"column":25}},"33":{"start":{"line":47,"column":2},"end":{"line":47,"column":91}},"34":{"start":{"line":48,"column":2},"end":{"line":52,"column":4}},"35":{"start":{"line":49,"column":4},"end":{"line":50,"column":58}},"36":{"start":{"line":50,"column":6},"end":{"line":50,"column":58}},"37":{"start":{"line":51,"column":4},"end":{"line":51,"column":41}},"38":{"start":{"line":55,"column":0},"end":{"line":55,"column":24}}},"branchMap":{"1":{"line":10,"type":"if","locations":[{"start":{"line":10,"column":2},"end":{"line":10,"column":2}},{"start":{"line":10,"column":2},"end":{"line":10,"column":2}}]},"2":{"line":12,"type":"if","locations":[{"start":{"line":12,"column":2},"end":{"line":12,"column":2}},{"start":{"line":12,"column":2},"end":{"line":12,"column":2}}]},"3":{"line":15,"type":"if","locations":[{"start":{"line":15,"column":8},"end":{"line":15,"column":8}},{"start":{"line":15,"column":8},"end":{"line":15,"column":8}}]},"4":{"line":19,"type":"if","locations":[{"start":{"line":19,"column":8},"end":{"line":19,"column":8}},{"start":{"line":19,"column":8},"end":{"line":19,"column":8}}]},"5":{"line":22,"type":"if","locations":[{"start":{"line":22,"column":8},"end":{"line":22,"column":8}},{"start":{"line":22,"column":8},"end":{"line":22,"column":8}}]},"6":{"line":29,"type":"if","locations":[{"start":{"line":29,"column":6},"end":{"line":29,"column":6}},{"start":{"line":29,"column":6},"end":{"line":29,"column":6}}]},"7":{"line":32,"type":"if","locations":[{"start":{"line":32,"column":10},"end":{"line":32,"column":10}},{"start":{"line":32,"column":10},"end":{"line":32,"column":10}}]},"8":{"line":49,"type":"if","locations":[{"start":{"line":49,"column":4},"end":{"line":49,"column":4}},{"start":{"line":49,"column":4},"end":{"line":49,"column":4}}]}}},"/Users/almahmud/Downloads/twitter/twitter/middlewares/authenticator.js":{"path":"/Users/almahmud/Downloads/twitter/twitter/middlewares/authenticator.js","s":{"1":1,"2":1,"3":1,"4":1,"5":1,"6":19,"7":19,"8":19,"9":9,"10":10,"11":9,"12":9,"13":1,"14":8,"15":1,"16":1,"17":19},"b":{"1":[9,10],"2":[9,1],"3":[10,9],"4":[1,8],"5":[9,8]},"f":{"1":19,"2":9,"3":19},"fnMap":{"1":{"name":"(anonymous_1)","line":5,"loc":{"start":{"line":5,"column":21},"end":{"line":5,"column":41}}},"2":{"name":"(anonymous_2)","line":11,"loc":{"start":{"line":11,"column":71},"end":{"line":11,"column":85}}},"3":{"name":"(anonymous_3)","line":23,"loc":{"start":{"line":23,"column":17},"end":{"line":23,"column":39}}}},"statementMap":{"1":{"start":{"line":1,"column":0},"end":{"line":1,"column":31}},"2":{"start":{"line":2,"column":0},"end":{"line":2,"column":31}},"3":{"start":{"line":3,"column":0},"end":{"line":3,"column":46}},"4":{"start":{"line":4,"column":0},"end":{"line":4,"column":39}},"5":{"start":{"line":5,"column":0},"end":{"line":22,"column":1}},"6":{"start":{"line":6,"column":4},"end":{"line":6,"column":33}},"7":{"start":{"line":7,"column":4},"end":{"line":7,"column":27}},"8":{"start":{"line":8,"column":4},"end":{"line":21,"column":5}},"9":{"start":{"line":9,"column":8},"end":{"line":9,"column":12}},"10":{"start":{"line":10,"column":10},"end":{"line":21,"column":5}},"11":{"start":{"line":11,"column":8},"end":{"line":17,"column":10}},"12":{"start":{"line":12,"column":12},"end":{"line":16,"column":13}},"13":{"start":{"line":13,"column":16},"end":{"line":13,"column":49}},"14":{"start":{"line":15,"column":16},"end":{"line":15,"column":20}},"15":{"start":{"line":19,"column":8},"end":{"line":19,"column":27}},"16":{"start":{"line":23,"column":0},"end":{"line":25,"column":1}},"17":{"start":{"line":24,"column":4},"end":{"line":24,"column":33}}},"branchMap":{"1":{"line":8,"type":"if","locations":[{"start":{"line":8,"column":4},"end":{"line":8,"column":4}},{"start":{"line":8,"column":4},"end":{"line":8,"column":4}}]},"2":{"line":10,"type":"if","locations":[{"start":{"line":10,"column":10},"end":{"line":10,"column":10}},{"start":{"line":10,"column":10},"end":{"line":10,"column":10}}]},"3":{"line":10,"type":"binary-expr","locations":[{"start":{"line":10,"column":13},"end":{"line":10,"column":18}},{"start":{"line":10,"column":22},"end":{"line":10,"column":24}}]},"4":{"line":12,"type":"if","locations":[{"start":{"line":12,"column":12},"end":{"line":12,"column":12}},{"start":{"line":12,"column":12},"end":{"line":12,"column":12}}]},"5":{"line":12,"type":"binary-expr","locations":[{"start":{"line":12,"column":15},"end":{"line":12,"column":32}},{"start":{"line":12,"column":36},"end":{"line":12,"column":52}}]}}}}