TN:
SF:/Users/almahmud/Downloads/twitter/twitter/server.js
FN:36,normalizePort
FN:56,onError
FN:84,onListening
FNF:3
FNH:2
FNDA:1,normalizePort
FNDA:0,onError
FNDA:1,onListening
DA:7,1
DA:8,1
DA:9,1
DA:15,1
DA:16,1
DA:22,1
DA:28,1
DA:29,1
DA:30,1
DA:36,1
DA:37,1
DA:39,1
DA:41,0
DA:44,1
DA:46,1
DA:49,0
DA:56,1
DA:57,0
DA:58,0
DA:61,0
DA:66,0
DA:68,0
DA:69,0
DA:70,0
DA:72,0
DA:73,0
DA:74,0
DA:76,0
DA:84,1
DA:85,1
DA:86,1
DA:89,1
DA:91,1
LF:33
LH:20
BRDA:15,1,0,1
BRDA:15,1,1,1
BRDA:39,2,0,0
BRDA:39,2,1,1
BRDA:44,3,0,1
BRDA:44,3,1,0
BRDA:57,4,0,0
BRDA:57,4,1,0
BRDA:61,5,0,0
BRDA:61,5,1,0
BRDA:66,6,0,0
BRDA:66,6,1,0
BRDA:66,6,2,0
BRDA:86,7,0,0
BRDA:86,7,1,1
BRF:15
BRH:5
end_of_record
TN:
SF:/Users/almahmud/Downloads/twitter/twitter/app.js
FN:24,(anonymous_1)
FN:33,(anonymous_2)
FN:44,(anonymous_3)
FN:53,(anonymous_4)
FNF:4
FNH:1
FNDA:0,(anonymous_1)
FNDA:0,(anonymous_2)
FNDA:0,(anonymous_3)
FNDA:1,(anonymous_4)
DA:1,1
DA:2,1
DA:3,1
DA:4,1
DA:5,1
DA:6,1
DA:7,1
DA:8,1
DA:10,1
DA:11,1
DA:12,1
DA:14,1
DA:15,1
DA:16,1
DA:17,1
DA:18,1
DA:19,1
DA:20,1
DA:21,1
DA:22,1
DA:24,1
DA:25,0
DA:26,0
DA:27,0
DA:32,1
DA:33,1
DA:34,0
DA:35,0
DA:44,1
DA:45,0
DA:46,0
DA:53,1
DA:54,1
DA:55,0
DA:56,0
DA:58,1
DA:62,1
LF:37
LH:28
BRDA:32,1,0,1
BRDA:32,1,1,0
BRDA:34,2,0,0
BRDA:34,2,1,0
BRDA:45,3,0,0
BRDA:45,3,1,0
BRDA:54,4,0,0
BRDA:54,4,1,1
BRF:8
BRH:2
end_of_record
TN:
SF:/Users/almahmud/Downloads/twitter/twitter/db/mongo.js
FN:7,(anonymous_1)
FN:10,(anonymous_2)
FN:17,(anonymous_3)
FN:25,(anonymous_4)
FN:27,(anonymous_5)
FNF:5
FNH:3
FNDA:1,(anonymous_1)
FNDA:1,(anonymous_2)
FNDA:24,(anonymous_3)
FNDA:0,(anonymous_4)
FNDA:0,(anonymous_5)
DA:1,1
DA:3,1
DA:7,1
DA:8,1
DA:10,1
DA:11,1
DA:12,1
DA:13,1
DA:17,1
DA:18,24
DA:19,24
DA:21,0
DA:25,1
DA:26,0
DA:27,0
DA:28,0
DA:29,0
DA:30,0
LF:18
LH:12
BRDA:8,1,0,0
BRDA:8,1,1,1
BRDA:11,2,0,0
BRDA:11,2,1,1
BRDA:18,3,0,24
BRDA:18,3,1,0
BRDA:26,4,0,0
BRDA:26,4,1,0
BRF:8
BRH:3
end_of_record
TN:
SF:/Users/almahmud/Downloads/twitter/twitter/routes/users.js
FN:9,(anonymous_1)
FN:13,(anonymous_2)
FN:15,(anonymous_3)
FN:23,(anonymous_4)
FN:42,(anonymous_5)
FN:46,(anonymous_6)
FN:54,(anonymous_7)
FN:69,(anonymous_8)
FN:73,(anonymous_9)
FN:77,(anonymous_10)
FN:92,(anonymous_11)
FN:97,(anonymous_12)
FN:101,(anonymous_13)
FNF:13
FNH:12
FNDA:2,(anonymous_1)
FNDA:1,(anonymous_2)
FNDA:1,(anonymous_3)
FNDA:1,(anonymous_4)
FNDA:2,(anonymous_5)
FNDA:1,(anonymous_6)
FNDA:1,(anonymous_7)
FNDA:5,(anonymous_8)
FNDA:2,(anonymous_9)
FNDA:1,(anonymous_10)
FNDA:4,(anonymous_11)
FNDA:1,(anonymous_12)
FNDA:0,(anonymous_13)
DA:1,1
DA:2,1
DA:3,1
DA:4,1
DA:5,1
DA:9,1
DA:10,2
DA:11,2
DA:12,2
DA:13,1
DA:14,1
DA:15,1
DA:16,1
DA:17,1
DA:18,1
DA:19,1
DA:21,0
DA:23,1
DA:24,1
DA:25,0
DA:26,1
DA:29,0
DA:33,0
DA:37,1
DA:42,1
DA:43,2
DA:44,2
DA:45,2
DA:46,1
DA:47,1
DA:48,1
DA:49,1
DA:50,1
DA:51,1
DA:54,1
DA:55,1
DA:56,0
DA:57,1
DA:60,0
DA:64,1
DA:69,1
DA:70,5
DA:71,5
DA:72,5
DA:73,2
DA:74,2
DA:76,1
DA:77,1
DA:78,1
DA:79,0
DA:80,1
DA:83,1
DA:87,3
DA:92,1
DA:94,4
DA:95,4
DA:96,4
DA:97,1
DA:98,1
DA:99,1
DA:101,0
DA:102,0
DA:103,0
DA:104,0
DA:109,3
DA:113,1
LF:66
LH:55
BRDA:12,1,0,1
BRDA:12,1,1,1
BRDA:12,2,0,2
BRDA:12,2,1,1
BRDA:12,2,2,1
BRDA:14,3,0,1
BRDA:14,3,1,0
BRDA:16,4,0,1
BRDA:16,4,1,0
BRDA:17,5,0,1
BRDA:17,5,1,0
BRDA:18,6,0,1
BRDA:18,6,1,0
BRDA:24,7,0,0
BRDA:24,7,1,1
BRDA:45,8,0,1
BRDA:45,8,1,1
BRDA:45,9,0,2
BRDA:45,9,1,1
BRDA:45,9,2,1
BRDA:47,10,0,1
BRDA:47,10,1,0
BRDA:48,11,0,1
BRDA:48,11,1,0
BRDA:50,12,0,1
BRDA:50,12,1,0
BRDA:55,13,0,0
BRDA:55,13,1,1
BRDA:72,14,0,2
BRDA:72,14,1,3
BRDA:72,15,0,5
BRDA:72,15,1,3
BRDA:72,15,2,2
BRDA:72,15,3,2
BRDA:74,16,0,1
BRDA:74,16,1,1
BRDA:74,17,0,2
BRDA:74,17,1,2
BRDA:78,18,0,0
BRDA:78,18,1,1
BRDA:96,19,0,1
BRDA:96,19,1,3
BRDA:96,20,0,4
BRDA:96,20,1,2
BRDA:96,20,2,1
BRDA:96,20,3,1
BRDA:98,21,0,1
BRDA:98,21,1,0
BRDA:102,22,0,0
BRDA:102,22,1,0
BRF:50
BRH:37
end_of_record
TN:
SF:/Users/almahmud/Downloads/twitter/twitter/routes/tweets.js
FN:6,(anonymous_1)
FN:13,(anonymous_2)
FN:20,(anonymous_3)
FN:28,(anonymous_4)
FN:30,(anonymous_5)
FN:44,(anonymous_6)
FN:48,(anonymous_7)
FNF:7
FNH:5
FNDA:4,(anonymous_1)
FNDA:1,(anonymous_2)
FNDA:1,(anonymous_3)
FNDA:2,(anonymous_4)
FNDA:2,(anonymous_5)
FNDA:0,(anonymous_6)
FNDA:0,(anonymous_7)
DA:1,1
DA:2,1
DA:3,1
DA:6,1
DA:7,4
DA:8,4
DA:9,4
DA:10,4
DA:11,1
DA:12,4
DA:13,1
DA:14,1
DA:15,1
DA:16,1
DA:17,1
DA:19,3
DA:20,1
DA:21,1
DA:22,1
DA:23,0
DA:24,1
DA:28,2
DA:29,2
DA:30,2
DA:31,2
DA:32,2
DA:33,0
DA:34,2
DA:37,0
DA:44,1
DA:45,0
DA:46,0
DA:47,0
DA:48,0
DA:49,0
DA:50,0
DA:51,0
DA:55,1
LF:38
LH:28
BRDA:10,1,0,1
BRDA:10,1,1,3
BRDA:12,2,0,1
BRDA:12,2,1,3
BRDA:15,3,0,1
BRDA:15,3,1,0
BRDA:19,4,0,1
BRDA:19,4,1,2
BRDA:22,5,0,0
BRDA:22,5,1,1
BRDA:29,6,0,2
BRDA:29,6,1,0
BRDA:32,7,0,0
BRDA:32,7,1,2
BRDA:49,8,0,0
BRDA:49,8,1,0
BRF:16
BRH:10
end_of_record
TN:
SF:/Users/almahmud/Downloads/twitter/twitter/middlewares/authenticator.js
FN:5,(anonymous_1)
FN:11,(anonymous_2)
FN:23,(anonymous_3)
FNF:3
FNH:3
FNDA:19,(anonymous_1)
FNDA:9,(anonymous_2)
FNDA:19,(anonymous_3)
DA:1,1
DA:2,1
DA:3,1
DA:4,1
DA:5,1
DA:6,19
DA:7,19
DA:8,19
DA:9,9
DA:10,10
DA:11,9
DA:12,9
DA:13,1
DA:15,8
DA:19,1
DA:23,1
DA:24,19
LF:17
LH:17
BRDA:8,1,0,9
BRDA:8,1,1,10
BRDA:10,2,0,9
BRDA:10,2,1,1
BRDA:10,3,0,10
BRDA:10,3,1,9
BRDA:12,4,0,1
BRDA:12,4,1,8
BRDA:12,5,0,9
BRDA:12,5,1,8
BRF:10
BRH:10
end_of_record
